Build started 01/05/2016 08:47:20.
     1>Project "C:\Users\Nathan\Desktop\Intelligence\ConsoleSFML\ConsoleSFML.vcxproj" on node 2 (Build target(s)).
     1>ClCompile:
         C:\Program Files (x86)\Microsoft Visual Studio 12.0\VC\bin\CL.exe /c /I"C:\Users\Nathan\Desktop\Intelligence\\SFML-2.3.2\include" /ZI /nologo /W3 /WX- /sdl /Od /Oy- /D SFML_STATIC /D WIN32 /D _DEBUG /D _CONSOLE /D _LIB /D _MBCS /Gm /EHsc /RTC1 /MDd /GS /fp:precise /Zc:wchar_t /Zc:forScope /Fo"Debug\\" /Fd"Debug\vc120.pdb" /Gd /TP /analyze- /errorReport:prompt FuzzyTriangle.cpp main.cpp
         main.cpp
     1>c:\users\nathan\desktop\intelligence\consolesfml\main.cpp(116): warning C4018: '<' : signed/unsigned mismatch
     1>c:\users\nathan\desktop\intelligence\consolesfml\main.cpp(125): warning C4244: '=' : conversion from 'double' to 'float', possible loss of data
     1>c:\users\nathan\desktop\intelligence\consolesfml\main.cpp(126): warning C4244: '=' : conversion from 'double' to 'float', possible loss of data
     1>c:\users\nathan\desktop\intelligence\consolesfml\main.cpp(131): warning C4244: '=' : conversion from 'double' to 'float', possible loss of data
     1>c:\users\nathan\desktop\intelligence\consolesfml\main.cpp(132): warning C4244: '=' : conversion from 'double' to 'float', possible loss of data
     1>c:\users\nathan\desktop\intelligence\consolesfml\main.cpp(137): warning C4244: '=' : conversion from 'double' to 'float', possible loss of data
     1>c:\users\nathan\desktop\intelligence\consolesfml\main.cpp(138): warning C4244: '=' : conversion from 'double' to 'float', possible loss of data
     1>c:\users\nathan\desktop\intelligence\consolesfml\main.cpp(148): warning C4244: '=' : conversion from 'double' to 'float', possible loss of data
     1>c:\users\nathan\desktop\intelligence\consolesfml\main.cpp(149): warning C4244: '=' : conversion from 'double' to 'float', possible loss of data
     1>c:\users\nathan\desktop\intelligence\consolesfml\main.cpp(154): warning C4244: '=' : conversion from 'double' to 'float', possible loss of data
     1>c:\users\nathan\desktop\intelligence\consolesfml\main.cpp(155): warning C4244: '=' : conversion from 'double' to 'float', possible loss of data
     1>c:\users\nathan\desktop\intelligence\consolesfml\main.cpp(160): warning C4244: '=' : conversion from 'double' to 'float', possible loss of data
     1>c:\users\nathan\desktop\intelligence\consolesfml\main.cpp(161): warning C4244: '=' : conversion from 'double' to 'float', possible loss of data
     1>c:\users\nathan\desktop\intelligence\consolesfml\main.cpp(183): warning C4244: 'initializing' : conversion from 'const float' to 'int', possible loss of data
     1>c:\users\nathan\desktop\intelligence\consolesfml\main.cpp(184): warning C4244: 'initializing' : conversion from 'const float' to 'int', possible loss of data
     1>c:\users\nathan\desktop\intelligence\consolesfml\main.cpp(185): warning C4244: 'initializing' : conversion from 'double' to 'int', possible loss of data
         FuzzyTriangle.cpp
         Generating Code...
       Link:
         C:\Program Files (x86)\Microsoft Visual Studio 12.0\VC\bin\link.exe /ERRORREPORT:PROMPT /OUT:"C:\Users\Nathan\Desktop\Intelligence\Debug\ConsoleSFML.exe" /INCREMENTAL /NOLOGO /LIBPATH:"C:\Users\Nathan\Desktop\Intelligence\\SFML-2.3.2\lib" "sfml-graphics-s.lib" "sfml-main.lib" "sfml-window-s.lib" "sfml-system-s.lib" gdi32.lib opengl32.lib winmm.lib freetype.lib jpeg.lib kernel32.lib user32.lib gdi32.lib winspool.lib comdlg32.lib advapi32.lib shell32.lib ole32.lib oleaut32.lib uuid.lib odbc32.lib odbccp32.lib /MANIFEST /MANIFESTUAC:"level='asInvoker' uiAccess='false'" /manifest:embed /DEBUG /PDB:"C:\Users\Nathan\Desktop\Intelligence\Debug\ConsoleSFML.pdb" /SUBSYSTEM:CONSOLE /TLBID:1 /DYNAMICBASE /NXCOMPAT /IMPLIB:"C:\Users\Nathan\Desktop\Intelligence\Debug\ConsoleSFML.lib" /MACHINE:X86 Debug\FuzzyTriangle.obj
         Debug\main.obj
     1>sfml-graphics-s.lib(Transformable.cpp.obj) : error LNK2038: mismatch detected for '_ITERATOR_DEBUG_LEVEL': value '0' doesn't match value '2' in FuzzyTriangle.obj
     1>sfml-graphics-s.lib(Transformable.cpp.obj) : error LNK2038: mismatch detected for 'RuntimeLibrary': value 'MD_DynamicRelease' doesn't match value 'MDd_DynamicDebug' in FuzzyTriangle.obj
     1>sfml-graphics-s.lib(Color.cpp.obj) : error LNK2038: mismatch detected for '_ITERATOR_DEBUG_LEVEL': value '0' doesn't match value '2' in FuzzyTriangle.obj
     1>sfml-graphics-s.lib(Color.cpp.obj) : error LNK2038: mismatch detected for 'RuntimeLibrary': value 'MD_DynamicRelease' doesn't match value 'MDd_DynamicDebug' in FuzzyTriangle.obj
     1>sfml-graphics-s.lib(Texture.cpp.obj) : error LNK2038: mismatch detected for '_ITERATOR_DEBUG_LEVEL': value '0' doesn't match value '2' in FuzzyTriangle.obj
     1>sfml-graphics-s.lib(Texture.cpp.obj) : error LNK2038: mismatch detected for 'RuntimeLibrary': value 'MD_DynamicRelease' doesn't match value 'MDd_DynamicDebug' in FuzzyTriangle.obj
     1>sfml-graphics-s.lib(Font.cpp.obj) : error LNK2038: mismatch detected for '_ITERATOR_DEBUG_LEVEL': value '0' doesn't match value '2' in FuzzyTriangle.obj
     1>sfml-graphics-s.lib(Font.cpp.obj) : error LNK2038: mismatch detected for 'RuntimeLibrary': value 'MD_DynamicRelease' doesn't match value 'MDd_DynamicDebug' in FuzzyTriangle.obj
     1>sfml-graphics-s.lib(RenderTarget.cpp.obj) : error LNK2038: mismatch detected for '_ITERATOR_DEBUG_LEVEL': value '0' doesn't match value '2' in FuzzyTriangle.obj
     1>sfml-graphics-s.lib(RenderTarget.cpp.obj) : error LNK2038: mismatch detected for 'RuntimeLibrary': value 'MD_DynamicRelease' doesn't match value 'MDd_DynamicDebug' in FuzzyTriangle.obj
     1>sfml-graphics-s.lib(RenderWindow.cpp.obj) : error LNK2038: mismatch detected for '_ITERATOR_DEBUG_LEVEL': value '0' doesn't match value '2' in FuzzyTriangle.obj
     1>sfml-graphics-s.lib(RenderWindow.cpp.obj) : error LNK2038: mismatch detected for 'RuntimeLibrary': value 'MD_DynamicRelease' doesn't match value 'MDd_DynamicDebug' in FuzzyTriangle.obj
     1>sfml-graphics-s.lib(Sprite.cpp.obj) : error LNK2038: mismatch detected for '_ITERATOR_DEBUG_LEVEL': value '0' doesn't match value '2' in FuzzyTriangle.obj
     1>sfml-graphics-s.lib(Sprite.cpp.obj) : error LNK2038: mismatch detected for 'RuntimeLibrary': value 'MD_DynamicRelease' doesn't match value 'MDd_DynamicDebug' in FuzzyTriangle.obj
     1>sfml-graphics-s.lib(Text.cpp.obj) : error LNK2038: mismatch detected for '_ITERATOR_DEBUG_LEVEL': value '0' doesn't match value '2' in FuzzyTriangle.obj
     1>sfml-graphics-s.lib(Text.cpp.obj) : error LNK2038: mismatch detected for 'RuntimeLibrary': value 'MD_DynamicRelease' doesn't match value 'MDd_DynamicDebug' in FuzzyTriangle.obj
     1>sfml-graphics-s.lib(RenderStates.cpp.obj) : error LNK2038: mismatch detected for '_ITERATOR_DEBUG_LEVEL': value '0' doesn't match value '2' in FuzzyTriangle.obj
     1>sfml-graphics-s.lib(RenderStates.cpp.obj) : error LNK2038: mismatch detected for 'RuntimeLibrary': value 'MD_DynamicRelease' doesn't match value 'MDd_DynamicDebug' in FuzzyTriangle.obj
     1>sfml-graphics-s.lib(Transform.cpp.obj) : error LNK2038: mismatch detected for '_ITERATOR_DEBUG_LEVEL': value '0' doesn't match value '2' in FuzzyTriangle.obj
     1>sfml-graphics-s.lib(Transform.cpp.obj) : error LNK2038: mismatch detected for 'RuntimeLibrary': value 'MD_DynamicRelease' doesn't match value 'MDd_DynamicDebug' in FuzzyTriangle.obj
     1>sfml-graphics-s.lib(Image.cpp.obj) : error LNK2038: mismatch detected for '_ITERATOR_DEBUG_LEVEL': value '0' doesn't match value '2' in FuzzyTriangle.obj
     1>sfml-graphics-s.lib(Image.cpp.obj) : error LNK2038: mismatch detected for 'RuntimeLibrary': value 'MD_DynamicRelease' doesn't match value 'MDd_DynamicDebug' in FuzzyTriangle.obj
     1>sfml-graphics-s.lib(GLExtensions.cpp.obj) : error LNK2038: mismatch detected for '_ITERATOR_DEBUG_LEVEL': value '0' doesn't match value '2' in FuzzyTriangle.obj
     1>sfml-graphics-s.lib(GLExtensions.cpp.obj) : error LNK2038: mismatch detected for 'RuntimeLibrary': value 'MD_DynamicRelease' doesn't match value 'MDd_DynamicDebug' in FuzzyTriangle.obj
     1>sfml-graphics-s.lib(GLLoader.cpp.obj) : error LNK2038: mismatch detected for '_ITERATOR_DEBUG_LEVEL': value '0' doesn't match value '2' in FuzzyTriangle.obj
     1>sfml-graphics-s.lib(GLLoader.cpp.obj) : error LNK2038: mismatch detected for 'RuntimeLibrary': value 'MD_DynamicRelease' doesn't match value 'MDd_DynamicDebug' in FuzzyTriangle.obj
     1>sfml-graphics-s.lib(View.cpp.obj) : error LNK2038: mismatch detected for '_ITERATOR_DEBUG_LEVEL': value '0' doesn't match value '2' in FuzzyTriangle.obj
     1>sfml-graphics-s.lib(View.cpp.obj) : error LNK2038: mismatch detected for 'RuntimeLibrary': value 'MD_DynamicRelease' doesn't match value 'MDd_DynamicDebug' in FuzzyTriangle.obj
     1>sfml-graphics-s.lib(Shader.cpp.obj) : error LNK2038: mismatch detected for '_ITERATOR_DEBUG_LEVEL': value '0' doesn't match value '2' in FuzzyTriangle.obj
     1>sfml-graphics-s.lib(Shader.cpp.obj) : error LNK2038: mismatch detected for 'RuntimeLibrary': value 'MD_DynamicRelease' doesn't match value 'MDd_DynamicDebug' in FuzzyTriangle.obj
     1>sfml-graphics-s.lib(VertexArray.cpp.obj) : error LNK2038: mismatch detected for '_ITERATOR_DEBUG_LEVEL': value '0' doesn't match value '2' in FuzzyTriangle.obj
     1>sfml-graphics-s.lib(VertexArray.cpp.obj) : error LNK2038: mismatch detected for 'RuntimeLibrary': value 'MD_DynamicRelease' doesn't match value 'MDd_DynamicDebug' in FuzzyTriangle.obj
     1>sfml-graphics-s.lib(ImageLoader.cpp.obj) : error LNK2038: mismatch detected for '_ITERATOR_DEBUG_LEVEL': value '0' doesn't match value '2' in FuzzyTriangle.obj
     1>sfml-graphics-s.lib(ImageLoader.cpp.obj) : error LNK2038: mismatch detected for 'RuntimeLibrary': value 'MD_DynamicRelease' doesn't match value 'MDd_DynamicDebug' in FuzzyTriangle.obj
     1>sfml-window-s.lib(VideoMode.cpp.obj) : error LNK2038: mismatch detected for '_ITERATOR_DEBUG_LEVEL': value '0' doesn't match value '2' in FuzzyTriangle.obj
     1>sfml-window-s.lib(VideoMode.cpp.obj) : error LNK2038: mismatch detected for 'RuntimeLibrary': value 'MD_DynamicRelease' doesn't match value 'MDd_DynamicDebug' in FuzzyTriangle.obj
     1>sfml-window-s.lib(Window.cpp.obj) : error LNK2038: mismatch detected for '_ITERATOR_DEBUG_LEVEL': value '0' doesn't match value '2' in FuzzyTriangle.obj
     1>sfml-window-s.lib(Window.cpp.obj) : error LNK2038: mismatch detected for 'RuntimeLibrary': value 'MD_DynamicRelease' doesn't match value 'MDd_DynamicDebug' in FuzzyTriangle.obj
     1>sfml-window-s.lib(VideoModeImpl.cpp.obj) : error LNK2038: mismatch detected for '_ITERATOR_DEBUG_LEVEL': value '0' doesn't match value '2' in FuzzyTriangle.obj
     1>sfml-window-s.lib(VideoModeImpl.cpp.obj) : error LNK2038: mismatch detected for 'RuntimeLibrary': value 'MD_DynamicRelease' doesn't match value 'MDd_DynamicDebug' in FuzzyTriangle.obj
     1>sfml-window-s.lib(GlContext.cpp.obj) : error LNK2038: mismatch detected for '_ITERATOR_DEBUG_LEVEL': value '0' doesn't match value '2' in FuzzyTriangle.obj
     1>sfml-window-s.lib(GlContext.cpp.obj) : error LNK2038: mismatch detected for 'RuntimeLibrary': value 'MD_DynamicRelease' doesn't match value 'MDd_DynamicDebug' in FuzzyTriangle.obj
     1>sfml-window-s.lib(WindowImpl.cpp.obj) : error LNK2038: mismatch detected for '_ITERATOR_DEBUG_LEVEL': value '0' doesn't match value '2' in FuzzyTriangle.obj
     1>sfml-window-s.lib(WindowImpl.cpp.obj) : error LNK2038: mismatch detected for 'RuntimeLibrary': value 'MD_DynamicRelease' doesn't match value 'MDd_DynamicDebug' in FuzzyTriangle.obj
     1>sfml-window-s.lib(WglContext.cpp.obj) : error LNK2038: mismatch detected for '_ITERATOR_DEBUG_LEVEL': value '0' doesn't match value '2' in FuzzyTriangle.obj
     1>sfml-window-s.lib(WglContext.cpp.obj) : error LNK2038: mismatch detected for 'RuntimeLibrary': value 'MD_DynamicRelease' doesn't match value 'MDd_DynamicDebug' in FuzzyTriangle.obj
     1>sfml-window-s.lib(JoystickManager.cpp.obj) : error LNK2038: mismatch detected for '_ITERATOR_DEBUG_LEVEL': value '0' doesn't match value '2' in FuzzyTriangle.obj
     1>sfml-window-s.lib(JoystickManager.cpp.obj) : error LNK2038: mismatch detected for 'RuntimeLibrary': value 'MD_DynamicRelease' doesn't match value 'MDd_DynamicDebug' in FuzzyTriangle.obj
     1>sfml-window-s.lib(SensorManager.cpp.obj) : error LNK2038: mismatch detected for '_ITERATOR_DEBUG_LEVEL': value '0' doesn't match value '2' in FuzzyTriangle.obj
     1>sfml-window-s.lib(SensorManager.cpp.obj) : error LNK2038: mismatch detected for 'RuntimeLibrary': value 'MD_DynamicRelease' doesn't match value 'MDd_DynamicDebug' in FuzzyTriangle.obj
     1>sfml-window-s.lib(WindowImplWin32.cpp.obj) : error LNK2038: mismatch detected for '_ITERATOR_DEBUG_LEVEL': value '0' doesn't match value '2' in FuzzyTriangle.obj
     1>sfml-window-s.lib(WindowImplWin32.cpp.obj) : error LNK2038: mismatch detected for 'RuntimeLibrary': value 'MD_DynamicRelease' doesn't match value 'MDd_DynamicDebug' in FuzzyTriangle.obj
     1>sfml-window-s.lib(WglExtensions.cpp.obj) : error LNK2038: mismatch detected for '_ITERATOR_DEBUG_LEVEL': value '0' doesn't match value '2' in FuzzyTriangle.obj
     1>sfml-window-s.lib(WglExtensions.cpp.obj) : error LNK2038: mismatch detected for 'RuntimeLibrary': value 'MD_DynamicRelease' doesn't match value 'MDd_DynamicDebug' in FuzzyTriangle.obj
     1>sfml-window-s.lib(Joystick.cpp.obj) : error LNK2038: mismatch detected for '_ITERATOR_DEBUG_LEVEL': value '0' doesn't match value '2' in FuzzyTriangle.obj
     1>sfml-window-s.lib(Joystick.cpp.obj) : error LNK2038: mismatch detected for 'RuntimeLibrary': value 'MD_DynamicRelease' doesn't match value 'MDd_DynamicDebug' in FuzzyTriangle.obj
     1>sfml-window-s.lib(JoystickImpl.cpp.obj) : error LNK2038: mismatch detected for '_ITERATOR_DEBUG_LEVEL': value '0' doesn't match value '2' in FuzzyTriangle.obj
     1>sfml-window-s.lib(JoystickImpl.cpp.obj) : error LNK2038: mismatch detected for 'RuntimeLibrary': value 'MD_DynamicRelease' doesn't match value 'MDd_DynamicDebug' in FuzzyTriangle.obj
     1>sfml-system-s.lib(String.cpp.obj) : error LNK2038: mismatch detected for '_ITERATOR_DEBUG_LEVEL': value '0' doesn't match value '2' in FuzzyTriangle.obj
     1>sfml-system-s.lib(String.cpp.obj) : error LNK2038: mismatch detected for 'RuntimeLibrary': value 'MD_DynamicRelease' doesn't match value 'MDd_DynamicDebug' in FuzzyTriangle.obj
     1>sfml-system-s.lib(Err.cpp.obj) : error LNK2038: mismatch detected for '_ITERATOR_DEBUG_LEVEL': value '0' doesn't match value '2' in FuzzyTriangle.obj
     1>sfml-system-s.lib(Err.cpp.obj) : error LNK2038: mismatch detected for 'RuntimeLibrary': value 'MD_DynamicRelease' doesn't match value 'MDd_DynamicDebug' in FuzzyTriangle.obj
     1>sfml-system-s.lib(ThreadLocal.cpp.obj) : error LNK2038: mismatch detected for '_ITERATOR_DEBUG_LEVEL': value '0' doesn't match value '2' in FuzzyTriangle.obj
     1>sfml-system-s.lib(ThreadLocal.cpp.obj) : error LNK2038: mismatch detected for 'RuntimeLibrary': value 'MD_DynamicRelease' doesn't match value 'MDd_DynamicDebug' in FuzzyTriangle.obj
     1>LINK : warning LNK4098: defaultlib 'MSVCRT' conflicts with use of other libs; use /NODEFAULTLIB:library
     1>C:\Users\Nathan\Desktop\Intelligence\Debug\ConsoleSFML.exe : fatal error LNK1319: 64 mismatches detected
     1>Done Building Project "C:\Users\Nathan\Desktop\Intelligence\ConsoleSFML\ConsoleSFML.vcxproj" (Build target(s)) -- FAILED.

Build FAILED.

Time Elapsed 00:00:08.12
